Using pre-set license
Built from '2020.3/staging' branch; Version is '2020.3.16f1 (049d6eca3c44) revision 302446'; Using compiler version '192528614'; Build Type 'Release'
OS: 'Windows 10 Home Single Language; OS build 19044.2006; Version 2009; 64bit' Language: 'en' Physical Memory: 7932 MB
BatchMode: 1, IsHumanControllingUs: 0, StartBugReporterOnCrash: 0, Is64bit: 1, IsPro: 0

 COMMAND LINE ARGUMENTS:
D:\Unity\2020.3.16f1\Editor\Unity.exe
-adb2
-batchMode
-noUpm
-name
AssetImportWorker0
-projectPath
D:/Tugas Opang/SMT 03/Pemrograman Game/Materi 11 - Tower Defense/Tower Defense
-logFile
Logs/AssetImportWorker0.log
-srvPort
65411
Successfully changed project path to: D:/Tugas Opang/SMT 03/Pemrograman Game/Materi 11 - Tower Defense/Tower Defense
D:/Tugas Opang/SMT 03/Pemrograman Game/Materi 11 - Tower Defense/Tower Defense
Using Asset Import Pipeline V2.
Refreshing native plugins compatible for Editor in 93.36 ms, found 3 plugins.
Preloading 0 native plugins for Editor in 0.00 ms.
Initialize engine version: 2020.3.16f1 (049d6eca3c44)
[Subsystems] Discovering subsystems at path D:/Unity/2020.3.16f1/Editor/Data/Resources/UnitySubsystems
[Subsystems] Discovering subsystems at path D:/Tugas Opang/SMT 03/Pemrograman Game/Materi 11 - Tower Defense/Tower Defense/Assets
GfxDevice: creating device client; threaded=0
Direct3D:
    Version:  Direct3D 11.0 [level 11.1]
    Renderer: NVIDIA GeForce MX330 (ID=0x1d16)
    Vendor:   
    VRAM:     1983 MB
    Driver:   30.0.15.1169
Initialize mono
Mono path[0] = 'D:/Unity/2020.3.16f1/Editor/Data/Managed'
Mono path[1] = 'D:/Unity/2020.3.16f1/Editor/Data/MonoBleedingEdge/lib/mono/unityjit'
Mono config path = 'D:/Unity/2020.3.16f1/Editor/Data/MonoBleedingEdge/etc'
Using monoOptions --debugger-agent=transport=dt_socket,embedding=1,server=y,suspend=n,address=127.0.0.1:56544
Begin MonoManager ReloadAssembly
Registering precompiled unity dll's ...
Register platform support module: D:/Unity/2020.3.16f1/Editor/Data/PlaybackEngines/WebGLSupport/UnityEditor.WebGL.Extensions.dll
Register platform support module: D:/Unity/2020.3.16f1/Editor/Data/PlaybackEngines/WindowsStandaloneSupport/UnityEditor.WindowsStandalone.Extensions.dll
Registered in 0.002484 seconds.
Native extension for WindowsStandalone target not found
Native extension for WebGL target not found
Refreshing native plugins compatible for Editor in 100.08 ms, found 3 plugins.
Preloading 0 native plugins for Editor in 0.00 ms.
Mono: successfully reloaded assembly
- Completed reload, in  3.384 seconds
Domain Reload Profiling:
	ReloadAssembly (3384ms)
		BeginReloadAssembly (125ms)
			ExecutionOrderSort (0ms)
			DisableScriptedObjects (0ms)
			BackupInstance (0ms)
			ReleaseScriptingObjects (0ms)
			CreateAndSetChildDomain (2ms)
		EndReloadAssembly (1036ms)
			LoadAssemblies (124ms)
			RebuildTransferFunctionScriptingTraits (0ms)
			SetupTypeCache (395ms)
			ReleaseScriptCaches (0ms)
			RebuildScriptCaches (74ms)
			SetupLoadedEditorAssemblies (421ms)
				LogAssemblyErrors (0ms)
				InitializePlatformSupportModulesInManaged (11ms)
				SetLoadedEditorAssemblies (0ms)
				RefreshPlugins (100ms)
				BeforeProcessingInitializeOnLoad (25ms)
				ProcessInitializeOnLoadAttributes (214ms)
				ProcessInitializeOnLoadMethodAttributes (71ms)
				AfterProcessingInitializeOnLoad (0ms)
				EditorAssembliesLoaded (0ms)
			ExecutionOrderSort2 (0ms)
			AwakeInstancesAfterBackupRestoration (0ms)
Platform modules already initialized, skipping
Registering precompiled user dll's ...
Registered in 0.005658 seconds.
Begin MonoManager ReloadAssembly
Native extension for WindowsStandalone target not found
Native extension for WebGL target not found
Refreshing native plugins compatible for Editor in 103.96 ms, found 3 plugins.
Preloading 0 native plugins for Editor in 0.00 ms.
Mono: successfully reloaded assembly
- Completed reload, in  2.795 seconds
Domain Reload Profiling:
	ReloadAssembly (2798ms)
		BeginReloadAssembly (357ms)
			ExecutionOrderSort (0ms)
			DisableScriptedObjects (10ms)
			BackupInstance (0ms)
			ReleaseScriptingObjects (0ms)
			CreateAndSetChildDomain (39ms)
		EndReloadAssembly (2297ms)
			LoadAssemblies (217ms)
			RebuildTransferFunctionScriptingTraits (0ms)
			SetupTypeCache (685ms)
			ReleaseScriptCaches (1ms)
			RebuildScriptCaches (97ms)
			SetupLoadedEditorAssemblies (996ms)
				LogAssemblyErrors (0ms)
				InitializePlatformSupportModulesInManaged (12ms)
				SetLoadedEditorAssemblies (0ms)
				RefreshPlugins (104ms)
				BeforeProcessingInitializeOnLoad (147ms)
				ProcessInitializeOnLoadAttributes (678ms)
				ProcessInitializeOnLoadMethodAttributes (47ms)
				AfterProcessingInitializeOnLoad (8ms)
				EditorAssembliesLoaded (0ms)
			ExecutionOrderSort2 (0ms)
			AwakeInstancesAfterBackupRestoration (36ms)
Platform modules already initialized, skipping
========================================================================
Worker process is ready to serve import requests
Launched and connected shader compiler UnityShaderCompiler.exe after 0.12 seconds
Refreshing native plugins compatible for Editor in 0.65 ms, found 3 plugins.
Preloading 0 native plugins for Editor in 0.00 ms.
Unloading 2091 Unused Serialized files (Serialized files now loaded: 0)
System memory in use before: 93.7 MB.
System memory in use after: 93.8 MB.

Unloading 28 unused Assets to reduce memory usage. Loaded Objects now: 2528.
Total: 4.774700 ms (FindLiveObjects: 0.384000 ms CreateObjectMapping: 0.096500 ms MarkObjects: 4.110800 ms  DeleteObjects: 0.181300 ms)

AssetImportParameters requested are different than current active one (requested -> active):
  custom:framework-win-MediaFoundation: 216162199b28c13a410421893ffa2e32 -> 
  custom:video-decoder-ogg-theora: a1e56fd34408186e4bbccfd4996cb3dc -> 
  custom:container-muxer-webm: aa71ff27fc2769a1b78a27578f13a17b -> 
  custom:container-demuxer-webm: 4f35f7cbe854078d1ac9338744f61a02 -> 
  custom:container-demuxer-ogg: 62fdf1f143b41e24485cea50d1cbac27 -> 
  custom:video-encoder-webm-vp8: eb34c28f22e8b96e1ab97ce403110664 -> 
  custom:video-decoder-webm-vp8: 9c59270c3fd7afecdb556c50c9e8de78 -> 
  custom:audio-decoder-ogg-vorbis: bf7c407c2cedff20999df2af8eb42d56 -> 
  custom:audio-encoder-webm-vorbis: bf7c407c2cedff20999df2af8eb42d56 -> 
========================================================================
Received Import Request.
  path: Assets
  artifactKey: Guid(00000000000000001000000000000000) Importer(815301076,1909f56bfc062723c751e8b465ee728b)
Start importing Assets using Guid(00000000000000001000000000000000) Importer(815301076,1909f56bfc062723c751e8b465ee728b)  -> (artifact id: '42d402b061de3733987d63b9cc3b64de') in 0.020493 seconds 
  Import took 0.029931 seconds .

========================================================================
Received Import Request.
  Time since last request: 0.000393 seconds.
  path: Assets/Image
  artifactKey: Guid(1b5f6e4583a02e043ba125796e8343f1) Importer(815301076,1909f56bfc062723c751e8b465ee728b)
Start importing Assets/Image using Guid(1b5f6e4583a02e043ba125796e8343f1) Importer(815301076,1909f56bfc062723c751e8b465ee728b)  -> (artifact id: '3072a5642d37afb54a8b1365a7a7cec4') in 0.010847 seconds 
  Import took 0.017828 seconds .

========================================================================
Received Import Request.
  Time since last request: 1.302812 seconds.
  path: Assets/Prefabs
  artifactKey: Guid(1afb398e47fc63c4e9f09745cb1c078b) Importer(815301076,1909f56bfc062723c751e8b465ee728b)
Start importing Assets/Prefabs using Guid(1afb398e47fc63c4e9f09745cb1c078b) Importer(815301076,1909f56bfc062723c751e8b465ee728b)  -> (artifact id: '3d1a365b85d4e0dafdba71d0661f8356') in 0.016096 seconds 
  Import took 0.024964 seconds .

========================================================================
Received Import Request.
  Time since last request: 4.241227 seconds.
  path: Assets/Scripts
  artifactKey: Guid(c7b551d960ecd5c499a4ae0f65b36011) Importer(815301076,1909f56bfc062723c751e8b465ee728b)
Start importing Assets/Scripts using Guid(c7b551d960ecd5c499a4ae0f65b36011) Importer(815301076,1909f56bfc062723c751e8b465ee728b)  -> (artifact id: '14e6f910767b36223705c980141fbc53') in 0.013017 seconds 
  Import took 0.024685 seconds .

========================================================================
Received Import Request.
  Time since last request: 0.000986 seconds.
  path: Assets/Scripts
  artifactKey: Guid(c7b551d960ecd5c499a4ae0f65b36011) Importer(815301076,1909f56bfc062723c751e8b465ee728b)
Start importing Assets/Scripts using Guid(c7b551d960ecd5c499a4ae0f65b36011) Importer(815301076,1909f56bfc062723c751e8b465ee728b)  -> (artifact id: '14e6f910767b36223705c980141fbc53') in 0.003423 seconds 
  Import took 0.014319 seconds .

========================================================================
Received Import Request.
  Time since last request: 29.433665 seconds.
  path: Assets/Image/Player Attact.png
  artifactKey: Guid(65f9185f2b927594d8efa827a0f4d41b) Importer(815301076,1909f56bfc062723c751e8b465ee728b)
Start importing Assets/Image/Player Attact.png using Guid(65f9185f2b927594d8efa827a0f4d41b) Importer(815301076,1909f56bfc062723c751e8b465ee728b)  -> (artifact id: 'a057441ddb7c39773bdca167ada150a8') in 0.374315 seconds 
  Import took 0.382041 seconds .

========================================================================
Received Import Request.
  Time since last request: 0.000720 seconds.
  path: Assets/Image/PlayerDefense.png
  artifactKey: Guid(672c89174036976478873440039e628e) Importer(815301076,1909f56bfc062723c751e8b465ee728b)
Start importing Assets/Image/PlayerDefense.png using Guid(672c89174036976478873440039e628e) Importer(815301076,1909f56bfc062723c751e8b465ee728b)  -> (artifact id: 'ee1c98c7c7638646824d11d190c18188') in 0.049848 seconds 
  Import took 0.058056 seconds .

========================================================================
Received Import Request.
  Time since last request: 0.000523 seconds.
  path: Assets/Image/TowerPlayer.png
  artifactKey: Guid(eabde2b3526da274ea91834453d540de) Importer(815301076,1909f56bfc062723c751e8b465ee728b)
Start importing Assets/Image/TowerPlayer.png using Guid(eabde2b3526da274ea91834453d540de) Importer(815301076,1909f56bfc062723c751e8b465ee728b)  -> (artifact id: '603314506f0761ac1a05db09970040e4') in 0.042066 seconds 
  Import took 0.052726 seconds .

========================================================================
Received Import Request.
  Time since last request: 0.000377 seconds.
  path: Assets/Image/TowerEnemy.png
  artifactKey: Guid(87a5b811ec5b47046bef7ee43b44365d) Importer(815301076,1909f56bfc062723c751e8b465ee728b)
Start importing Assets/Image/TowerEnemy.png using Guid(87a5b811ec5b47046bef7ee43b44365d) Importer(815301076,1909f56bfc062723c751e8b465ee728b)  -> (artifact id: 'f2e68b312f541aba517dbec64e33ab5c') in 0.039661 seconds 
  Import took 0.049705 seconds .

========================================================================
Received Import Request.
  Time since last request: 9.805667 seconds.
  path: Assets/Image/Attacker.png
  artifactKey: Guid(ea567b9a28314584cafea65f699251be) Importer(815301076,1909f56bfc062723c751e8b465ee728b)
Start importing Assets/Image/Attacker.png using Guid(ea567b9a28314584cafea65f699251be) Importer(815301076,1909f56bfc062723c751e8b465ee728b)  -> (artifact id: 'd4b05a5bcc2d2b3f0b3265f9d7342d67') in 0.054118 seconds 
  Import took 0.064200 seconds .

========================================================================
Received Import Request.
  Time since last request: 0.000987 seconds.
  path: Assets/Image/Ground.png
  artifactKey: Guid(b88dad70b36e59a4ea5e62a46d03a67c) Importer(815301076,1909f56bfc062723c751e8b465ee728b)
Start importing Assets/Image/Ground.png using Guid(b88dad70b36e59a4ea5e62a46d03a67c) Importer(815301076,1909f56bfc062723c751e8b465ee728b)  -> (artifact id: '40f37898193fbf1ea14b30612fd36ff2') in 0.046744 seconds 
  Import took 0.056112 seconds .

========================================================================
Received Import Request.
  Time since last request: 0.000509 seconds.
  path: Assets/Image/EnemyAttact.png
  artifactKey: Guid(1931ab515bd674a4f85d29dda25747d4) Importer(815301076,1909f56bfc062723c751e8b465ee728b)
Start importing Assets/Image/EnemyAttact.png using Guid(1931ab515bd674a4f85d29dda25747d4) Importer(815301076,1909f56bfc062723c751e8b465ee728b)  -> (artifact id: '7e355dd412224fd80eed7b9dcda118b3') in 0.049156 seconds 
  Import took 0.060027 seconds .

========================================================================
Received Import Request.
  Time since last request: 0.000549 seconds.
  path: Assets/Image/BgBar.png
  artifactKey: Guid(1055f69194ec35e45a2d055c5adbe1fb) Importer(815301076,1909f56bfc062723c751e8b465ee728b)
Start importing Assets/Image/BgBar.png using Guid(1055f69194ec35e45a2d055c5adbe1fb) Importer(815301076,1909f56bfc062723c751e8b465ee728b)  -> (artifact id: '339b97faed9a6ed9f252f091e2e9b092') in 0.035698 seconds 
  Import took 0.046389 seconds .

========================================================================
Received Import Request.
  Time since last request: 0.001674 seconds.
  path: Assets/Image/Bar.png
  artifactKey: Guid(11f9ebb163f1b344aa2c35e813c81944) Importer(815301076,1909f56bfc062723c751e8b465ee728b)
Start importing Assets/Image/Bar.png using Guid(11f9ebb163f1b344aa2c35e813c81944) Importer(815301076,1909f56bfc062723c751e8b465ee728b)  -> (artifact id: 'f2452d673a16cda8988f0139d8415402') in 0.031139 seconds 
  Import took 0.039486 seconds .

========================================================================
Received Import Request.
  Time since last request: 0.001010 seconds.
  path: Assets/Image/Defender.png
  artifactKey: Guid(9acfcb12944f3134f9545f77cb137e75) Importer(815301076,1909f56bfc062723c751e8b465ee728b)
Start importing Assets/Image/Defender.png using Guid(9acfcb12944f3134f9545f77cb137e75) Importer(815301076,1909f56bfc062723c751e8b465ee728b)  -> (artifact id: '5bfff16b0bf03018fb246fbfdfece6c5') in 0.036223 seconds 
  Import took 0.045144 seconds .

========================================================================
Received Import Request.
  Time since last request: 0.000461 seconds.
  path: Assets/Image/GameOver.png
  artifactKey: Guid(23b7a960550028542bd2b61a5fe01166) Importer(815301076,1909f56bfc062723c751e8b465ee728b)
Start importing Assets/Image/GameOver.png using Guid(23b7a960550028542bd2b61a5fe01166) Importer(815301076,1909f56bfc062723c751e8b465ee728b)  -> (artifact id: '3a3615a84e45b1d20a672594c7a1e0ec') in 0.039236 seconds 
  Import took 0.048102 seconds .

========================================================================
Received Import Request.
  Time since last request: 559.924494 seconds.
  path: Assets/Scenes/SampleScene.unity
  artifactKey: Guid(2cda990e2423bbf4892e6590ba056729) Importer(815301076,1909f56bfc062723c751e8b465ee728b)
Start importing Assets/Scenes/SampleScene.unity using Guid(2cda990e2423bbf4892e6590ba056729) Importer(815301076,1909f56bfc062723c751e8b465ee728b)  -> (artifact id: '7743de78b1d53ba1d5c2eb77af60b09e') in 0.024070 seconds 
  Import took 0.035386 seconds .

========================================================================
Received Import Request.
  Time since last request: 124.504712 seconds.
  path: Assets/Fonts
  artifactKey: Guid(4b64e94f041da3846b23683fe0242678) Importer(815301076,1909f56bfc062723c751e8b465ee728b)
Start importing Assets/Fonts using Guid(4b64e94f041da3846b23683fe0242678) Importer(815301076,1909f56bfc062723c751e8b465ee728b)  -> (artifact id: '193cabc4918e6ed46cf0ee05189a5681') in 0.016632 seconds 
  Import took 0.028736 seconds .

========================================================================
Received Import Request.
  Time since last request: 11.932531 seconds.
  path: Assets/Fonts/BEBAS.ttf
  artifactKey: Guid(bb4c789b2e9c5a841a38cb6fac1b7422) Importer(815301076,1909f56bfc062723c751e8b465ee728b)
Start importing Assets/Fonts/BEBAS.ttf using Guid(bb4c789b2e9c5a841a38cb6fac1b7422) Importer(815301076,1909f56bfc062723c751e8b465ee728b)  -> (artifact id: '835715823b81fa4d97cb148d0d6ce51b') in 0.164060 seconds 
  Import took 0.173009 seconds .

========================================================================
Received Import Request.
  Time since last request: 0.000666 seconds.
  path: Assets/Fonts/coolvetica rg.ttf
  artifactKey: Guid(4ca47280747c47f4b87b82fb8b5e4cd6) Importer(815301076,1909f56bfc062723c751e8b465ee728b)
Start importing Assets/Fonts/coolvetica rg.ttf using Guid(4ca47280747c47f4b87b82fb8b5e4cd6) Importer(815301076,1909f56bfc062723c751e8b465ee728b)  -> (artifact id: 'ad2f74a28528877efb435dadb9dfc030') in 0.031184 seconds 
  Import took 0.042045 seconds .

AssetImportWorkerClient::OnTransportError - code=2 error=End of file
